[2019-06-10 19:13:02] development.ERROR: PDOException: SQLSTATE[42S01]: Base table or view already exists: 1050 Table 'users' already exists in /Users/admin/October/www/dev-finder/vendor/doctrine/dbal/lib/Doctrine/DBAL/Driver/PDOStatement.php:105
Stack trace:
#0 /Users/admin/October/www/dev-finder/vendor/doctrine/dbal/lib/Doctrine/DBAL/Driver/PDOStatement.php(105): PDOStatement->execute(NULL)
#1 /Users/admin/October/www/dev-finder/vendor/laravel/framework/src/Illuminate/Database/Connection.php(458): Doctrine\DBAL\Driver\PDOStatement->execute()
#2 /Users/admin/October/www/dev-finder/vendor/laravel/framework/src/Illuminate/Database/Connection.php(657): Illuminate\Database\Connection->Illuminate\Database\{closure}('create table `u...', Array)
#3 /Users/admin/October/www/dev-finder/vendor/laravel/framework/src/Illuminate/Database/Connection.php(624): Illuminate\Database\Connection->runQueryCallback('create table `u...', Array, Object(Closure))
#4 /Users/admin/October/www/dev-finder/vendor/laravel/framework/src/Illuminate/Database/Connection.php(459): Illuminate\Database\Connection->run('create table `u...', Array, Object(Closure))
#5 /Users/admin/October/www/dev-finder/vendor/laravel/framework/src/Illuminate/Database/Schema/Blueprint.php(86): Illuminate\Database\Connection->statement('create table `u...')
#6 /Users/admin/October/www/dev-finder/vendor/laravel/framework/src/Illuminate/Database/Schema/Builder.php(252): Illuminate\Database\Schema\Blueprint->build(Object(October\Rain\Database\Connections\MySqlConnection), Object(Illuminate\Database\Schema\Grammars\MySqlGrammar))
#7 /Users/admin/October/www/dev-finder/vendor/laravel/framework/src/Illuminate/Database/Schema/Builder.php(165): Illuminate\Database\Schema\Builder->build(Object(October\Rain\Database\Schema\Blueprint))
#8 /Users/admin/October/www/dev-finder/vendor/laravel/framework/src/Illuminate/Support/Facades/Facade.php(221): Illuminate\Database\Schema\Builder->create('users', Object(Closure))
#9 /Users/admin/October/www/dev-finder/plugins/benrhall/profile/updates/add_new_fields.php(26): Illuminate\Support\Facades\Facade::__callStatic('create', Array)
#10 /Users/admin/October/www/dev-finder/vendor/october/rain/src/Database/Updater.php(35): RainLab\User\Updates\CreateUsersTable->up()
#11 /Users/admin/October/www/dev-finder/vendor/laravel/framework/src/Illuminate/Database/Concerns/ManagesTransactions.php(29): October\Rain\Database\Updater->October\Rain\Database\{closure}(Object(October\Rain\Database\Connections\MySqlConnection))
#12 /Users/admin/October/www/dev-finder/vendor/laravel/framework/src/Illuminate/Database/DatabaseManager.php(327): Illuminate\Database\Connection->transaction(Object(Closure))
#13 /Users/admin/October/www/dev-finder/vendor/laravel/framework/src/Illuminate/Support/Facades/Facade.php(221): Illuminate\Database\DatabaseManager->__call('transaction', Array)
#14 /Users/admin/October/www/dev-finder/vendor/october/rain/src/Database/Updater.php(40): Illuminate\Support\Facades\Facade::__callStatic('transaction', Array)
#15 /Users/admin/October/www/dev-finder/modules/system/Classes/VersionManager.php(395): October\Rain\Database\Updater->setUp('/Users/admin/Oc...')
#16 /Users/admin/October/www/dev-finder/modules/system/Classes/VersionManager.php(139): System\Classes\VersionManager->applyDatabaseScript('Benrhall.Profil...', '1.0.1', 'add_new_fields....')
#17 /Users/admin/October/www/dev-finder/modules/system/Classes/VersionManager.php(99): System\Classes\VersionManager->applyPluginUpdate('Benrhall.Profil...', '1.0.1', Array)
#18 /Users/admin/October/www/dev-finder/modules/system/Classes/UpdateManager.php(525): System\Classes\VersionManager->updatePlugin(Object(Benrhall\Profile\Plugin))
#19 /Users/admin/October/www/dev-finder/modules/system/Console/PluginRefresh.php(58): System\Classes\UpdateManager->updatePlugin('Benrhall.Profil...')
#20 [internal function]: System\Console\PluginRefresh->handle()
#21 /Users/admin/October/www/dev-finder/vendor/laravel/framework/src/Illuminate/Container/BoundMethod.php(29): call_user_func_array(Array, Array)
#22 /Users/admin/October/www/dev-finder/vendor/laravel/framework/src/Illuminate/Container/BoundMethod.php(87): Illuminate\Container\BoundMethod::Illuminate\Container\{closure}()
#23 /Users/admin/October/www/dev-finder/vendor/laravel/framework/src/Illuminate/Container/BoundMethod.php(31): Illuminate\Container\BoundMethod::callBoundMethod(Object(October\Rain\Foundation\Application), Array, Object(Closure))
#24 /Users/admin/October/www/dev-finder/vendor/laravel/framework/src/Illuminate/Container/Container.php(549): Illuminate\Container\BoundMethod::call(Object(October\Rain\Foundation\Application), Array, Array, NULL)
#25 /Users/admin/October/www/dev-finder/vendor/laravel/framework/src/Illuminate/Console/Command.php(183): Illuminate\Container\Container->call(Array)
#26 /Users/admin/October/www/dev-finder/vendor/symfony/console/Command/Command.php(264): Illuminate\Console\Command->execute(Object(Symfony\Component\Console\Input\ArgvInput), Object(Illuminate\Console\OutputStyle))
#27 /Users/admin/October/www/dev-finder/vendor/laravel/framework/src/Illuminate/Console/Command.php(170): Symfony\Component\Console\Command\Command->run(Object(Symfony\Component\Console\Input\ArgvInput), Object(Illuminate\Console\OutputStyle))
#28 /Users/admin/October/www/dev-finder/vendor/symfony/console/Application.php(874): Illuminate\Console\Command->run(Object(Symfony\Component\Console\Input\ArgvInput), Object(Symfony\Component\Console\Output\ConsoleOutput))
#29 /Users/admin/October/www/dev-finder/vendor/symfony/console/Application.php(228): Symfony\Component\Console\Application->doRunCommand(Object(System\Console\PluginRefresh), Object(Symfony\Component\Console\Input\ArgvInput), Object(Symfony\Component\Console\Output\ConsoleOutput))
#30 /Users/admin/October/www/dev-finder/vendor/symfony/console/Application.php(130): Symfony\Component\Console\Application->doRun(Object(Symfony\Component\Console\Input\ArgvInput), Object(Symfony\Component\Console\Output\ConsoleOutput))
#31 /Users/admin/October/www/dev-finder/vendor/laravel/framework/src/Illuminate/Console/Application.php(88): Symfony\Component\Console\Application->run(Object(Symfony\Component\Console\Input\ArgvInput), Object(Symfony\Component\Console\Output\ConsoleOutput))
#32 /Users/admin/October/www/dev-finder/vendor/laravel/framework/src/Illuminate/Foundation/Console/Kernel.php(121): Illuminate\Console\Application->run(Object(Symfony\Component\Console\Input\ArgvInput), Object(Symfony\Component\Console\Output\ConsoleOutput))
#33 /Users/admin/October/www/dev-finder/artisan(35): Illuminate\Foundation\Console\Kernel->handle(Object(Symfony\Component\Console\Input\ArgvInput), Object(Symfony\Component\Console\Output\ConsoleOutput))
#34 {main}

Next Doctrine\DBAL\Driver\PDOException: SQLSTATE[42S01]: Base table or view already exists: 1050 Table 'users' already exists in /Users/admin/October/www/dev-finder/vendor/doctrine/dbal/lib/Doctrine/DBAL/Driver/PDOStatement.php:107
Stack trace:
#0 /Users/admin/October/www/dev-finder/vendor/laravel/framework/src/Illuminate/Database/Connection.php(458): Doctrine\DBAL\Driver\PDOStatement->execute()
#1 /Users/admin/October/www/dev-finder/vendor/laravel/framework/src/Illuminate/Database/Connection.php(657): Illuminate\Database\Connection->Illuminate\Database\{closure}('create table `u...', Array)
#2 /Users/admin/October/www/dev-finder/vendor/laravel/framework/src/Illuminate/Database/Connection.php(624): Illuminate\Database\Connection->runQueryCallback('create table `u...', Array, Object(Closure))
#3 /Users/admin/October/www/dev-finder/vendor/laravel/framework/src/Illuminate/Database/Connection.php(459): Illuminate\Database\Connection->run('create table `u...', Array, Object(Closure))
#4 /Users/admin/October/www/dev-finder/vendor/laravel/framework/src/Illuminate/Database/Schema/Blueprint.php(86): Illuminate\Database\Connection->statement('create table `u...')
#5 /Users/admin/October/www/dev-finder/vendor/laravel/framework/src/Illuminate/Database/Schema/Builder.php(252): Illuminate\Database\Schema\Blueprint->build(Object(October\Rain\Database\Connections\MySqlConnection), Object(Illuminate\Database\Schema\Grammars\MySqlGrammar))
#6 /Users/admin/October/www/dev-finder/vendor/laravel/framework/src/Illuminate/Database/Schema/Builder.php(165): Illuminate\Database\Schema\Builder->build(Object(October\Rain\Database\Schema\Blueprint))
#7 /Users/admin/October/www/dev-finder/vendor/laravel/framework/src/Illuminate/Support/Facades/Facade.php(221): Illuminate\Database\Schema\Builder->create('users', Object(Closure))
#8 /Users/admin/October/www/dev-finder/plugins/benrhall/profile/updates/add_new_fields.php(26): Illuminate\Support\Facades\Facade::__callStatic('create', Array)
#9 /Users/admin/October/www/dev-finder/vendor/october/rain/src/Database/Updater.php(35): RainLab\User\Updates\CreateUsersTable->up()
#10 /Users/admin/October/www/dev-finder/vendor/laravel/framework/src/Illuminate/Database/Concerns/ManagesTransactions.php(29): October\Rain\Database\Updater->October\Rain\Database\{closure}(Object(October\Rain\Database\Connections\MySqlConnection))
#11 /Users/admin/October/www/dev-finder/vendor/laravel/framework/src/Illuminate/Database/DatabaseManager.php(327): Illuminate\Database\Connection->transaction(Object(Closure))
#12 /Users/admin/October/www/dev-finder/vendor/laravel/framework/src/Illuminate/Support/Facades/Facade.php(221): Illuminate\Database\DatabaseManager->__call('transaction', Array)
#13 /Users/admin/October/www/dev-finder/vendor/october/rain/src/Database/Updater.php(40): Illuminate\Support\Facades\Facade::__callStatic('transaction', Array)
#14 /Users/admin/October/www/dev-finder/modules/system/Classes/VersionManager.php(395): October\Rain\Database\Updater->setUp('/Users/admin/Oc...')
#15 /Users/admin/October/www/dev-finder/modules/system/Classes/VersionManager.php(139): System\Classes\VersionManager->applyDatabaseScript('Benrhall.Profil...', '1.0.1', 'add_new_fields....')
#16 /Users/admin/October/www/dev-finder/modules/system/Classes/VersionManager.php(99): System\Classes\VersionManager->applyPluginUpdate('Benrhall.Profil...', '1.0.1', Array)
#17 /Users/admin/October/www/dev-finder/modules/system/Classes/UpdateManager.php(525): System\Classes\VersionManager->updatePlugin(Object(Benrhall\Profile\Plugin))
#18 /Users/admin/October/www/dev-finder/modules/system/Console/PluginRefresh.php(58): System\Classes\UpdateManager->updatePlugin('Benrhall.Profil...')
#19 [internal function]: System\Console\PluginRefresh->handle()
#20 /Users/admin/October/www/dev-finder/vendor/laravel/framework/src/Illuminate/Container/BoundMethod.php(29): call_user_func_array(Array, Array)
#21 /Users/admin/October/www/dev-finder/vendor/laravel/framework/src/Illuminate/Container/BoundMethod.php(87): Illuminate\Container\BoundMethod::Illuminate\Container\{closure}()
#22 /Users/admin/October/www/dev-finder/vendor/laravel/framework/src/Illuminate/Container/BoundMethod.php(31): Illuminate\Container\BoundMethod::callBoundMethod(Object(October\Rain\Foundation\Application), Array, Object(Closure))
#23 /Users/admin/October/www/dev-finder/vendor/laravel/framework/src/Illuminate/Container/Container.php(549): Illuminate\Container\BoundMethod::call(Object(October\Rain\Foundation\Application), Array, Array, NULL)
#24 /Users/admin/October/www/dev-finder/vendor/laravel/framework/src/Illuminate/Console/Command.php(183): Illuminate\Container\Container->call(Array)
#25 /Users/admin/October/www/dev-finder/vendor/symfony/console/Command/Command.php(264): Illuminate\Console\Command->execute(Object(Symfony\Component\Console\Input\ArgvInput), Object(Illuminate\Console\OutputStyle))
#26 /Users/admin/October/www/dev-finder/vendor/laravel/framework/src/Illuminate/Console/Command.php(170): Symfony\Component\Console\Command\Command->run(Object(Symfony\Component\Console\Input\ArgvInput), Object(Illuminate\Console\OutputStyle))
#27 /Users/admin/October/www/dev-finder/vendor/symfony/console/Application.php(874): Illuminate\Console\Command->run(Object(Symfony\Component\Console\Input\ArgvInput), Object(Symfony\Component\Console\Output\ConsoleOutput))
#28 /Users/admin/October/www/dev-finder/vendor/symfony/console/Application.php(228): Symfony\Component\Console\Application->doRunCommand(Object(System\Console\PluginRefresh), Object(Symfony\Component\Console\Input\ArgvInput), Object(Symfony\Component\Console\Output\ConsoleOutput))
#29 /Users/admin/October/www/dev-finder/vendor/symfony/console/Application.php(130): Symfony\Component\Console\Application->doRun(Object(Symfony\Component\Console\Input\ArgvInput), Object(Symfony\Component\Console\Output\ConsoleOutput))
#30 /Users/admin/October/www/dev-finder/vendor/laravel/framework/src/Illuminate/Console/Application.php(88): Symfony\Component\Console\Application->run(Object(Symfony\Component\Console\Input\ArgvInput), Object(Symfony\Component\Console\Output\ConsoleOutput))
#31 /Users/admin/October/www/dev-finder/vendor/laravel/framework/src/Illuminate/Foundation/Console/Kernel.php(121): Illuminate\Console\Application->run(Object(Symfony\Component\Console\Input\ArgvInput), Object(Symfony\Component\Console\Output\ConsoleOutput))
#32 /Users/admin/October/www/dev-finder/artisan(35): Illuminate\Foundation\Console\Kernel->handle(Object(Symfony\Component\Console\Input\ArgvInput), Object(Symfony\Component\Console\Output\ConsoleOutput))
#33 {main}

Next Illuminate\Database\QueryException: SQLSTATE[42S01]: Base table or view already exists: 1050 Table 'users' already exists (SQL: create table `users` (`id` int unsigned not null auto_increment primary key, `name` varchar(191) null, `email` varchar(191) not null, `password` varchar(191) not null, `activation_code` varchar(191) null, `persist_code` varchar(191) null, `reset_password_code` varchar(191) null, `permissions` text null, `is_activated` tinyint(1) not null default '0', `activated_at` timestamp null, `last_login` timestamp null, `created_at` timestamp null, `updated_at` timestamp null) default character set utf8mb4 collate utf8mb4_unicode_ci engine = InnoDB) in /Users/admin/October/www/dev-finder/vendor/laravel/framework/src/Illuminate/Database/Connection.php:664
Stack trace:
#0 /Users/admin/October/www/dev-finder/vendor/laravel/framework/src/Illuminate/Database/Connection.php(624): Illuminate\Database\Connection->runQueryCallback('create table `u...', Array, Object(Closure))
#1 /Users/admin/October/www/dev-finder/vendor/laravel/framework/src/Illuminate/Database/Connection.php(459): Illuminate\Database\Connection->run('create table `u...', Array, Object(Closure))
#2 /Users/admin/October/www/dev-finder/vendor/laravel/framework/src/Illuminate/Database/Schema/Blueprint.php(86): Illuminate\Database\Connection->statement('create table `u...')
#3 /Users/admin/October/www/dev-finder/vendor/laravel/framework/src/Illuminate/Database/Schema/Builder.php(252): Illuminate\Database\Schema\Blueprint->build(Object(October\Rain\Database\Connections\MySqlConnection), Object(Illuminate\Database\Schema\Grammars\MySqlGrammar))
#4 /Users/admin/October/www/dev-finder/vendor/laravel/framework/src/Illuminate/Database/Schema/Builder.php(165): Illuminate\Database\Schema\Builder->build(Object(October\Rain\Database\Schema\Blueprint))
#5 /Users/admin/October/www/dev-finder/vendor/laravel/framework/src/Illuminate/Support/Facades/Facade.php(221): Illuminate\Database\Schema\Builder->create('users', Object(Closure))
#6 /Users/admin/October/www/dev-finder/plugins/benrhall/profile/updates/add_new_fields.php(26): Illuminate\Support\Facades\Facade::__callStatic('create', Array)
#7 /Users/admin/October/www/dev-finder/vendor/october/rain/src/Database/Updater.php(35): RainLab\User\Updates\CreateUsersTable->up()
#8 /Users/admin/October/www/dev-finder/vendor/laravel/framework/src/Illuminate/Database/Concerns/ManagesTransactions.php(29): October\Rain\Database\Updater->October\Rain\Database\{closure}(Object(October\Rain\Database\Connections\MySqlConnection))
#9 /Users/admin/October/www/dev-finder/vendor/laravel/framework/src/Illuminate/Database/DatabaseManager.php(327): Illuminate\Database\Connection->transaction(Object(Closure))
#10 /Users/admin/October/www/dev-finder/vendor/laravel/framework/src/Illuminate/Support/Facades/Facade.php(221): Illuminate\Database\DatabaseManager->__call('transaction', Array)
#11 /Users/admin/October/www/dev-finder/vendor/october/rain/src/Database/Updater.php(40): Illuminate\Support\Facades\Facade::__callStatic('transaction', Array)
#12 /Users/admin/October/www/dev-finder/modules/system/Classes/VersionManager.php(395): October\Rain\Database\Updater->setUp('/Users/admin/Oc...')
#13 /Users/admin/October/www/dev-finder/modules/system/Classes/VersionManager.php(139): System\Classes\VersionManager->applyDatabaseScript('Benrhall.Profil...', '1.0.1', 'add_new_fields....')
#14 /Users/admin/October/www/dev-finder/modules/system/Classes/VersionManager.php(99): System\Classes\VersionManager->applyPluginUpdate('Benrhall.Profil...', '1.0.1', Array)
#15 /Users/admin/October/www/dev-finder/modules/system/Classes/UpdateManager.php(525): System\Classes\VersionManager->updatePlugin(Object(Benrhall\Profile\Plugin))
#16 /Users/admin/October/www/dev-finder/modules/system/Console/PluginRefresh.php(58): System\Classes\UpdateManager->updatePlugin('Benrhall.Profil...')
#17 [internal function]: System\Console\PluginRefresh->handle()
#18 /Users/admin/October/www/dev-finder/vendor/laravel/framework/src/Illuminate/Container/BoundMethod.php(29): call_user_func_array(Array, Array)
#19 /Users/admin/October/www/dev-finder/vendor/laravel/framework/src/Illuminate/Container/BoundMethod.php(87): Illuminate\Container\BoundMethod::Illuminate\Container\{closure}()
#20 /Users/admin/October/www/dev-finder/vendor/laravel/framework/src/Illuminate/Container/BoundMethod.php(31): Illuminate\Container\BoundMethod::callBoundMethod(Object(October\Rain\Foundation\Application), Array, Object(Closure))
#21 /Users/admin/October/www/dev-finder/vendor/laravel/framework/src/Illuminate/Container/Container.php(549): Illuminate\Container\BoundMethod::call(Object(October\Rain\Foundation\Application), Array, Array, NULL)
#22 /Users/admin/October/www/dev-finder/vendor/laravel/framework/src/Illuminate/Console/Command.php(183): Illuminate\Container\Container->call(Array)
#23 /Users/admin/October/www/dev-finder/vendor/symfony/console/Command/Command.php(264): Illuminate\Console\Command->execute(Object(Symfony\Component\Console\Input\ArgvInput), Object(Illuminate\Console\OutputStyle))
#24 /Users/admin/October/www/dev-finder/vendor/laravel/framework/src/Illuminate/Console/Command.php(170): Symfony\Component\Console\Command\Command->run(Object(Symfony\Component\Console\Input\ArgvInput), Object(Illuminate\Console\OutputStyle))
#25 /Users/admin/October/www/dev-finder/vendor/symfony/console/Application.php(874): Illuminate\Console\Command->run(Object(Symfony\Component\Console\Input\ArgvInput), Object(Symfony\Component\Console\Output\ConsoleOutput))
#26 /Users/admin/October/www/dev-finder/vendor/symfony/console/Application.php(228): Symfony\Component\Console\Application->doRunCommand(Object(System\Console\PluginRefresh), Object(Symfony\Component\Console\Input\ArgvInput), Object(Symfony\Component\Console\Output\ConsoleOutput))
#27 /Users/admin/October/www/dev-finder/vendor/symfony/console/Application.php(130): Symfony\Component\Console\Application->doRun(Object(Symfony\Component\Console\Input\ArgvInput), Object(Symfony\Component\Console\Output\ConsoleOutput))
#28 /Users/admin/October/www/dev-finder/vendor/laravel/framework/src/Illuminate/Console/Application.php(88): Symfony\Component\Console\Application->run(Object(Symfony\Component\Console\Input\ArgvInput), Object(Symfony\Component\Console\Output\ConsoleOutput))
#29 /Users/admin/October/www/dev-finder/vendor/laravel/framework/src/Illuminate/Foundation/Console/Kernel.php(121): Illuminate\Console\Application->run(Object(Symfony\Component\Console\Input\ArgvInput), Object(Symfony\Component\Console\Output\ConsoleOutput))
#30 /Users/admin/October/www/dev-finder/artisan(35): Illuminate\Foundation\Console\Kernel->handle(Object(Symfony\Component\Console\Input\ArgvInput), Object(Symfony\Component\Console\Output\ConsoleOutput))
#31 {main}  
[2019-06-10 19:21:35] development.ERROR: Symfony\Component\Debug\Exception\FatalThrowableError: Parse error: syntax error, unexpected '}' in /Users/admin/October/www/dev-finder/plugins/benrhall/profile/updates/add_new_fields.php:24
Stack trace:
#0 /Users/admin/October/www/dev-finder/vendor/october/rain/src/Database/Updater.php(23): October\Rain\Database\Updater->resolve('/Users/admin/Oc...')
#1 /Users/admin/October/www/dev-finder/modules/system/Classes/VersionManager.php(395): October\Rain\Database\Updater->setUp('/Users/admin/Oc...')
#2 /Users/admin/October/www/dev-finder/modules/system/Classes/VersionManager.php(139): System\Classes\VersionManager->applyDatabaseScript('Benrhall.Profil...', '1.0.1', 'add_new_fields....')
#3 /Users/admin/October/www/dev-finder/modules/system/Classes/VersionManager.php(99): System\Classes\VersionManager->applyPluginUpdate('Benrhall.Profil...', '1.0.1', Array)
#4 /Users/admin/October/www/dev-finder/modules/system/Classes/UpdateManager.php(525): System\Classes\VersionManager->updatePlugin(Object(Benrhall\Profile\Plugin))
#5 /Users/admin/October/www/dev-finder/modules/system/Console/PluginRefresh.php(58): System\Classes\UpdateManager->updatePlugin('Benrhall.Profil...')
#6 [internal function]: System\Console\PluginRefresh->handle()
#7 /Users/admin/October/www/dev-finder/vendor/laravel/framework/src/Illuminate/Container/BoundMethod.php(29): call_user_func_array(Array, Array)
#8 /Users/admin/October/www/dev-finder/vendor/laravel/framework/src/Illuminate/Container/BoundMethod.php(87): Illuminate\Container\BoundMethod::Illuminate\Container\{closure}()
#9 /Users/admin/October/www/dev-finder/vendor/laravel/framework/src/Illuminate/Container/BoundMethod.php(31): Illuminate\Container\BoundMethod::callBoundMethod(Object(October\Rain\Foundation\Application), Array, Object(Closure))
#10 /Users/admin/October/www/dev-finder/vendor/laravel/framework/src/Illuminate/Container/Container.php(549): Illuminate\Container\BoundMethod::call(Object(October\Rain\Foundation\Application), Array, Array, NULL)
#11 /Users/admin/October/www/dev-finder/vendor/laravel/framework/src/Illuminate/Console/Command.php(183): Illuminate\Container\Container->call(Array)
#12 /Users/admin/October/www/dev-finder/vendor/symfony/console/Command/Command.php(264): Illuminate\Console\Command->execute(Object(Symfony\Component\Console\Input\ArgvInput), Object(Illuminate\Console\OutputStyle))
#13 /Users/admin/October/www/dev-finder/vendor/laravel/framework/src/Illuminate/Console/Command.php(170): Symfony\Component\Console\Command\Command->run(Object(Symfony\Component\Console\Input\ArgvInput), Object(Illuminate\Console\OutputStyle))
#14 /Users/admin/October/www/dev-finder/vendor/symfony/console/Application.php(874): Illuminate\Console\Command->run(Object(Symfony\Component\Console\Input\ArgvInput), Object(Symfony\Component\Console\Output\ConsoleOutput))
#15 /Users/admin/October/www/dev-finder/vendor/symfony/console/Application.php(228): Symfony\Component\Console\Application->doRunCommand(Object(System\Console\PluginRefresh), Object(Symfony\Component\Console\Input\ArgvInput), Object(Symfony\Component\Console\Output\ConsoleOutput))
#16 /Users/admin/October/www/dev-finder/vendor/symfony/console/Application.php(130): Symfony\Component\Console\Application->doRun(Object(Symfony\Component\Console\Input\ArgvInput), Object(Symfony\Component\Console\Output\ConsoleOutput))
#17 /Users/admin/October/www/dev-finder/vendor/laravel/framework/src/Illuminate/Console/Application.php(88): Symfony\Component\Console\Application->run(Object(Symfony\Component\Console\Input\ArgvInput), Object(Symfony\Component\Console\Output\ConsoleOutput))
#18 /Users/admin/October/www/dev-finder/vendor/laravel/framework/src/Illuminate/Foundation/Console/Kernel.php(121): Illuminate\Console\Application->run(Object(Symfony\Component\Console\Input\ArgvInput), Object(Symfony\Component\Console\Output\ConsoleOutput))
#19 /Users/admin/October/www/dev-finder/artisan(35): Illuminate\Foundation\Console\Kernel->handle(Object(Symfony\Component\Console\Input\ArgvInput), Object(Symfony\Component\Console\Output\ConsoleOutput))
#20 {main}  
[2019-06-10 19:35:38] development.ERROR: Plugin \benrhall\profile\Plugin could not be instantiated. {"message":"syntax error, unexpected ''type'' (T_CONSTANT_ENCAPSED_STRING), expecting ']'","file":"/Users/admin/October/www/dev-finder/plugins/benrhall/profile/Plugin.php","line":22,"trace":"#0 [internal function]: October\\Rain\\Support\\ClassLoader->load('benrhall\\\\profil...')
#1 [internal function]: spl_autoload_call('benrhall\\\\profil...')
#2 /Users/admin/October/www/dev-finder/modules/system/Classes/PluginManager.php(127): class_exists('\\\\benrhall\\\\profi...')
#3 /Users/admin/October/www/dev-finder/modules/system/Classes/PluginManager.php(108): System\\Classes\\PluginManager->loadPlugin('\\\\benrhall\\\\profi...', '/Users/admin/Oc...')
#4 /Users/admin/October/www/dev-finder/modules/system/Classes/PluginManager.php(79): System\\Classes\\PluginManager->loadPlugins()
#5 /Users/admin/October/www/dev-finder/vendor/october/rain/src/Support/Traits/Singleton.php(39): System\\Classes\\PluginManager->init()
#6 /Users/admin/October/www/dev-finder/vendor/october/rain/src/Support/Traits/Singleton.php(23): System\\Classes\\PluginManager->__construct()
#7 /Users/admin/October/www/dev-finder/modules/system/ServiceProvider.php(47): System\\Classes\\PluginManager::instance()
#8 /Users/admin/October/www/dev-finder/vendor/laravel/framework/src/Illuminate/Foundation/Application.php(586): System\\ServiceProvider->register()
#9 /Users/admin/October/www/dev-finder/vendor/laravel/framework/src/Illuminate/Foundation/ProviderRepository.php(75): Illuminate\\Foundation\\Application->register(Object(System\\ServiceProvider))
#10 /Users/admin/October/www/dev-finder/vendor/laravel/framework/src/Illuminate/Foundation/Application.php(561): Illuminate\\Foundation\\ProviderRepository->load(Array)
#11 /Users/admin/October/www/dev-finder/vendor/laravel/framework/src/Illuminate/Foundation/Bootstrap/RegisterProviders.php(17): Illuminate\\Foundation\\Application->registerConfiguredProviders()
#12 /Users/admin/October/www/dev-finder/vendor/laravel/framework/src/Illuminate/Foundation/Application.php(213): Illuminate\\Foundation\\Bootstrap\\RegisterProviders->bootstrap(Object(October\\Rain\\Foundation\\Application))
#13 /Users/admin/October/www/dev-finder/vendor/laravel/framework/src/Illuminate/Foundation/Http/Kernel.php(162): Illuminate\\Foundation\\Application->bootstrapWith(Array)
#14 /Users/admin/October/www/dev-finder/vendor/laravel/framework/src/Illuminate/Foundation/Http/Kernel.php(146): Illuminate\\Foundation\\Http\\Kernel->bootstrap()
#15 /Users/admin/October/www/dev-finder/vendor/laravel/framework/src/Illuminate/Foundation/Http/Kernel.php(116): Illuminate\\Foundation\\Http\\Kernel->sendRequestThroughRouter(Object(Illuminate\\Http\\Request))
#16 /Users/admin/October/www/dev-finder/index.php(43): Illuminate\\Foundation\\Http\\Kernel->handle(Object(Illuminate\\Http\\Request))
#17 /Users/admin/.composer/vendor/laravel/valet/server.php(158): require('/Users/admin/Oc...')
#18 {main}"} 
[2019-06-10 19:36:24] development.ERROR: Plugin \benrhall\profile\Plugin could not be instantiated. {"message":"syntax error, unexpected ''type'' (T_CONSTANT_ENCAPSED_STRING), expecting ']'","file":"/Users/admin/October/www/dev-finder/plugins/benrhall/profile/Plugin.php","line":22,"trace":"#0 [internal function]: October\\Rain\\Support\\ClassLoader->load('benrhall\\\\profil...')
#1 [internal function]: spl_autoload_call('benrhall\\\\profil...')
#2 /Users/admin/October/www/dev-finder/modules/system/Classes/PluginManager.php(127): class_exists('\\\\benrhall\\\\profi...')
#3 /Users/admin/October/www/dev-finder/modules/system/Classes/PluginManager.php(108): System\\Classes\\PluginManager->loadPlugin('\\\\benrhall\\\\profi...', '/Users/admin/Oc...')
#4 /Users/admin/October/www/dev-finder/modules/system/Classes/PluginManager.php(79): System\\Classes\\PluginManager->loadPlugins()
#5 /Users/admin/October/www/dev-finder/vendor/october/rain/src/Support/Traits/Singleton.php(39): System\\Classes\\PluginManager->init()
#6 /Users/admin/October/www/dev-finder/vendor/october/rain/src/Support/Traits/Singleton.php(23): System\\Classes\\PluginManager->__construct()
#7 /Users/admin/October/www/dev-finder/modules/system/ServiceProvider.php(47): System\\Classes\\PluginManager::instance()
#8 /Users/admin/October/www/dev-finder/vendor/laravel/framework/src/Illuminate/Foundation/Application.php(586): System\\ServiceProvider->register()
#9 /Users/admin/October/www/dev-finder/vendor/laravel/framework/src/Illuminate/Foundation/ProviderRepository.php(75): Illuminate\\Foundation\\Application->register(Object(System\\ServiceProvider))
#10 /Users/admin/October/www/dev-finder/vendor/laravel/framework/src/Illuminate/Foundation/Application.php(561): Illuminate\\Foundation\\ProviderRepository->load(Array)
#11 /Users/admin/October/www/dev-finder/vendor/laravel/framework/src/Illuminate/Foundation/Bootstrap/RegisterProviders.php(17): Illuminate\\Foundation\\Application->registerConfiguredProviders()
#12 /Users/admin/October/www/dev-finder/vendor/laravel/framework/src/Illuminate/Foundation/Application.php(213): Illuminate\\Foundation\\Bootstrap\\RegisterProviders->bootstrap(Object(October\\Rain\\Foundation\\Application))
#13 /Users/admin/October/www/dev-finder/vendor/laravel/framework/src/Illuminate/Foundation/Http/Kernel.php(162): Illuminate\\Foundation\\Application->bootstrapWith(Array)
#14 /Users/admin/October/www/dev-finder/vendor/laravel/framework/src/Illuminate/Foundation/Http/Kernel.php(146): Illuminate\\Foundation\\Http\\Kernel->bootstrap()
#15 /Users/admin/October/www/dev-finder/vendor/laravel/framework/src/Illuminate/Foundation/Http/Kernel.php(116): Illuminate\\Foundation\\Http\\Kernel->sendRequestThroughRouter(Object(Illuminate\\Http\\Request))
#16 /Users/admin/October/www/dev-finder/index.php(43): Illuminate\\Foundation\\Http\\Kernel->handle(Object(Illuminate\\Http\\Request))
#17 /Users/admin/.composer/vendor/laravel/valet/server.php(158): require('/Users/admin/Oc...')
#18 {main}"} 
[2019-06-10 19:36:28] development.ERROR: Plugin \benrhall\profile\Plugin could not be instantiated. {"message":"syntax error, unexpected ''type'' (T_CONSTANT_ENCAPSED_STRING), expecting ']'","file":"/Users/admin/October/www/dev-finder/plugins/benrhall/profile/Plugin.php","line":22,"trace":"#0 [internal function]: October\\Rain\\Support\\ClassLoader->load('benrhall\\\\profil...')
#1 [internal function]: spl_autoload_call('benrhall\\\\profil...')
#2 /Users/admin/October/www/dev-finder/modules/system/Classes/PluginManager.php(127): class_exists('\\\\benrhall\\\\profi...')
#3 /Users/admin/October/www/dev-finder/modules/system/Classes/PluginManager.php(108): System\\Classes\\PluginManager->loadPlugin('\\\\benrhall\\\\profi...', '/Users/admin/Oc...')
#4 /Users/admin/October/www/dev-finder/modules/system/Classes/PluginManager.php(79): System\\Classes\\PluginManager->loadPlugins()
#5 /Users/admin/October/www/dev-finder/vendor/october/rain/src/Support/Traits/Singleton.php(39): System\\Classes\\PluginManager->init()
#6 /Users/admin/October/www/dev-finder/vendor/october/rain/src/Support/Traits/Singleton.php(23): System\\Classes\\PluginManager->__construct()
#7 /Users/admin/October/www/dev-finder/modules/system/ServiceProvider.php(47): System\\Classes\\PluginManager::instance()
#8 /Users/admin/October/www/dev-finder/vendor/laravel/framework/src/Illuminate/Foundation/Application.php(586): System\\ServiceProvider->register()
#9 /Users/admin/October/www/dev-finder/vendor/laravel/framework/src/Illuminate/Foundation/ProviderRepository.php(75): Illuminate\\Foundation\\Application->register(Object(System\\ServiceProvider))
#10 /Users/admin/October/www/dev-finder/vendor/laravel/framework/src/Illuminate/Foundation/Application.php(561): Illuminate\\Foundation\\ProviderRepository->load(Array)
#11 /Users/admin/October/www/dev-finder/vendor/laravel/framework/src/Illuminate/Foundation/Bootstrap/RegisterProviders.php(17): Illuminate\\Foundation\\Application->registerConfiguredProviders()
#12 /Users/admin/October/www/dev-finder/vendor/laravel/framework/src/Illuminate/Foundation/Application.php(213): Illuminate\\Foundation\\Bootstrap\\RegisterProviders->bootstrap(Object(October\\Rain\\Foundation\\Application))
#13 /Users/admin/October/www/dev-finder/vendor/laravel/framework/src/Illuminate/Foundation/Http/Kernel.php(162): Illuminate\\Foundation\\Application->bootstrapWith(Array)
#14 /Users/admin/October/www/dev-finder/vendor/laravel/framework/src/Illuminate/Foundation/Http/Kernel.php(146): Illuminate\\Foundation\\Http\\Kernel->bootstrap()
#15 /Users/admin/October/www/dev-finder/vendor/laravel/framework/src/Illuminate/Foundation/Http/Kernel.php(116): Illuminate\\Foundation\\Http\\Kernel->sendRequestThroughRouter(Object(Illuminate\\Http\\Request))
#16 /Users/admin/October/www/dev-finder/index.php(43): Illuminate\\Foundation\\Http\\Kernel->handle(Object(Illuminate\\Http\\Request))
#17 /Users/admin/.composer/vendor/laravel/valet/server.php(158): require('/Users/admin/Oc...')
#18 {main}"} 
[2019-06-10 19:36:31] development.ERROR: Plugin \benrhall\profile\Plugin could not be instantiated. {"message":"syntax error, unexpected ''type'' (T_CONSTANT_ENCAPSED_STRING), expecting ']'","file":"/Users/admin/October/www/dev-finder/plugins/benrhall/profile/Plugin.php","line":22,"trace":"#0 [internal function]: October\\Rain\\Support\\ClassLoader->load('benrhall\\\\profil...')
#1 [internal function]: spl_autoload_call('benrhall\\\\profil...')
#2 /Users/admin/October/www/dev-finder/modules/system/Classes/PluginManager.php(127): class_exists('\\\\benrhall\\\\profi...')
#3 /Users/admin/October/www/dev-finder/modules/system/Classes/PluginManager.php(108): System\\Classes\\PluginManager->loadPlugin('\\\\benrhall\\\\profi...', '/Users/admin/Oc...')
#4 /Users/admin/October/www/dev-finder/modules/system/Classes/PluginManager.php(79): System\\Classes\\PluginManager->loadPlugins()
#5 /Users/admin/October/www/dev-finder/vendor/october/rain/src/Support/Traits/Singleton.php(39): System\\Classes\\PluginManager->init()
#6 /Users/admin/October/www/dev-finder/vendor/october/rain/src/Support/Traits/Singleton.php(23): System\\Classes\\PluginManager->__construct()
#7 /Users/admin/October/www/dev-finder/modules/system/ServiceProvider.php(47): System\\Classes\\PluginManager::instance()
#8 /Users/admin/October/www/dev-finder/vendor/laravel/framework/src/Illuminate/Foundation/Application.php(586): System\\ServiceProvider->register()
#9 /Users/admin/October/www/dev-finder/vendor/laravel/framework/src/Illuminate/Foundation/ProviderRepository.php(75): Illuminate\\Foundation\\Application->register(Object(System\\ServiceProvider))
#10 /Users/admin/October/www/dev-finder/vendor/laravel/framework/src/Illuminate/Foundation/Application.php(561): Illuminate\\Foundation\\ProviderRepository->load(Array)
#11 /Users/admin/October/www/dev-finder/vendor/laravel/framework/src/Illuminate/Foundation/Bootstrap/RegisterProviders.php(17): Illuminate\\Foundation\\Application->registerConfiguredProviders()
#12 /Users/admin/October/www/dev-finder/vendor/laravel/framework/src/Illuminate/Foundation/Application.php(213): Illuminate\\Foundation\\Bootstrap\\RegisterProviders->bootstrap(Object(October\\Rain\\Foundation\\Application))
#13 /Users/admin/October/www/dev-finder/vendor/laravel/framework/src/Illuminate/Foundation/Http/Kernel.php(162): Illuminate\\Foundation\\Application->bootstrapWith(Array)
#14 /Users/admin/October/www/dev-finder/vendor/laravel/framework/src/Illuminate/Foundation/Http/Kernel.php(146): Illuminate\\Foundation\\Http\\Kernel->bootstrap()
#15 /Users/admin/October/www/dev-finder/vendor/laravel/framework/src/Illuminate/Foundation/Http/Kernel.php(116): Illuminate\\Foundation\\Http\\Kernel->sendRequestThroughRouter(Object(Illuminate\\Http\\Request))
#16 /Users/admin/October/www/dev-finder/index.php(43): Illuminate\\Foundation\\Http\\Kernel->handle(Object(Illuminate\\Http\\Request))
#17 /Users/admin/.composer/vendor/laravel/valet/server.php(158): require('/Users/admin/Oc...')
#18 {main}"} 
[2019-06-10 19:38:20] development.ERROR: Plugin \benrhall\profile\Plugin could not be instantiated. {"message":"syntax error, unexpected ''type'' (T_CONSTANT_ENCAPSED_STRING), expecting ']'","file":"/Users/admin/October/www/dev-finder/plugins/benrhall/profile/Plugin.php","line":22,"trace":"#0 [internal function]: October\\Rain\\Support\\ClassLoader->load('benrhall\\\\profil...')
#1 [internal function]: spl_autoload_call('benrhall\\\\profil...')
#2 /Users/admin/October/www/dev-finder/modules/system/Classes/PluginManager.php(127): class_exists('\\\\benrhall\\\\profi...')
#3 /Users/admin/October/www/dev-finder/modules/system/Classes/PluginManager.php(108): System\\Classes\\PluginManager->loadPlugin('\\\\benrhall\\\\profi...', '/Users/admin/Oc...')
#4 /Users/admin/October/www/dev-finder/modules/system/Classes/PluginManager.php(79): System\\Classes\\PluginManager->loadPlugins()
#5 /Users/admin/October/www/dev-finder/vendor/october/rain/src/Support/Traits/Singleton.php(39): System\\Classes\\PluginManager->init()
#6 /Users/admin/October/www/dev-finder/vendor/october/rain/src/Support/Traits/Singleton.php(23): System\\Classes\\PluginManager->__construct()
#7 /Users/admin/October/www/dev-finder/modules/system/ServiceProvider.php(47): System\\Classes\\PluginManager::instance()
#8 /Users/admin/October/www/dev-finder/vendor/laravel/framework/src/Illuminate/Foundation/Application.php(586): System\\ServiceProvider->register()
#9 /Users/admin/October/www/dev-finder/vendor/laravel/framework/src/Illuminate/Foundation/ProviderRepository.php(75): Illuminate\\Foundation\\Application->register(Object(System\\ServiceProvider))
#10 /Users/admin/October/www/dev-finder/vendor/laravel/framework/src/Illuminate/Foundation/Application.php(561): Illuminate\\Foundation\\ProviderRepository->load(Array)
#11 /Users/admin/October/www/dev-finder/vendor/laravel/framework/src/Illuminate/Foundation/Bootstrap/RegisterProviders.php(17): Illuminate\\Foundation\\Application->registerConfiguredProviders()
#12 /Users/admin/October/www/dev-finder/vendor/laravel/framework/src/Illuminate/Foundation/Application.php(213): Illuminate\\Foundation\\Bootstrap\\RegisterProviders->bootstrap(Object(October\\Rain\\Foundation\\Application))
#13 /Users/admin/October/www/dev-finder/vendor/laravel/framework/src/Illuminate/Foundation/Http/Kernel.php(162): Illuminate\\Foundation\\Application->bootstrapWith(Array)
#14 /Users/admin/October/www/dev-finder/vendor/laravel/framework/src/Illuminate/Foundation/Http/Kernel.php(146): Illuminate\\Foundation\\Http\\Kernel->bootstrap()
#15 /Users/admin/October/www/dev-finder/vendor/laravel/framework/src/Illuminate/Foundation/Http/Kernel.php(116): Illuminate\\Foundation\\Http\\Kernel->sendRequestThroughRouter(Object(Illuminate\\Http\\Request))
#16 /Users/admin/October/www/dev-finder/index.php(43): Illuminate\\Foundation\\Http\\Kernel->handle(Object(Illuminate\\Http\\Request))
#17 /Users/admin/.composer/vendor/laravel/valet/server.php(158): require('/Users/admin/Oc...')
#18 {main}"} 
[2019-06-10 19:46:59] development.ERROR: Plugin \benrhall\profile\Plugin could not be instantiated. {"message":"syntax error, unexpected ''type'' (T_CONSTANT_ENCAPSED_STRING), expecting ']'","file":"/Users/admin/October/www/dev-finder/plugins/benrhall/profile/Plugin.php","line":22,"trace":"#0 [internal function]: October\\Rain\\Support\\ClassLoader->load('benrhall\\\\profil...')
#1 [internal function]: spl_autoload_call('benrhall\\\\profil...')
#2 /Users/admin/October/www/dev-finder/modules/system/Classes/PluginManager.php(127): class_exists('\\\\benrhall\\\\profi...')
#3 /Users/admin/October/www/dev-finder/modules/system/Classes/PluginManager.php(108): System\\Classes\\PluginManager->loadPlugin('\\\\benrhall\\\\profi...', '/Users/admin/Oc...')
#4 /Users/admin/October/www/dev-finder/modules/system/Classes/PluginManager.php(79): System\\Classes\\PluginManager->loadPlugins()
#5 /Users/admin/October/www/dev-finder/vendor/october/rain/src/Support/Traits/Singleton.php(39): System\\Classes\\PluginManager->init()
#6 /Users/admin/October/www/dev-finder/vendor/october/rain/src/Support/Traits/Singleton.php(23): System\\Classes\\PluginManager->__construct()
#7 /Users/admin/October/www/dev-finder/modules/system/ServiceProvider.php(47): System\\Classes\\PluginManager::instance()
#8 /Users/admin/October/www/dev-finder/vendor/laravel/framework/src/Illuminate/Foundation/Application.php(586): System\\ServiceProvider->register()
#9 /Users/admin/October/www/dev-finder/vendor/laravel/framework/src/Illuminate/Foundation/ProviderRepository.php(75): Illuminate\\Foundation\\Application->register(Object(System\\ServiceProvider))
#10 /Users/admin/October/www/dev-finder/vendor/laravel/framework/src/Illuminate/Foundation/Application.php(561): Illuminate\\Foundation\\ProviderRepository->load(Array)
#11 /Users/admin/October/www/dev-finder/vendor/laravel/framework/src/Illuminate/Foundation/Bootstrap/RegisterProviders.php(17): Illuminate\\Foundation\\Application->registerConfiguredProviders()
#12 /Users/admin/October/www/dev-finder/vendor/laravel/framework/src/Illuminate/Foundation/Application.php(213): Illuminate\\Foundation\\Bootstrap\\RegisterProviders->bootstrap(Object(October\\Rain\\Foundation\\Application))
#13 /Users/admin/October/www/dev-finder/vendor/laravel/framework/src/Illuminate/Foundation/Http/Kernel.php(162): Illuminate\\Foundation\\Application->bootstrapWith(Array)
#14 /Users/admin/October/www/dev-finder/vendor/laravel/framework/src/Illuminate/Foundation/Http/Kernel.php(146): Illuminate\\Foundation\\Http\\Kernel->bootstrap()
#15 /Users/admin/October/www/dev-finder/vendor/laravel/framework/src/Illuminate/Foundation/Http/Kernel.php(116): Illuminate\\Foundation\\Http\\Kernel->sendRequestThroughRouter(Object(Illuminate\\Http\\Request))
#16 /Users/admin/October/www/dev-finder/index.php(43): Illuminate\\Foundation\\Http\\Kernel->handle(Object(Illuminate\\Http\\Request))
#17 /Users/admin/.composer/vendor/laravel/valet/server.php(158): require('/Users/admin/Oc...')
#18 {main}"} 
[2019-06-10 19:47:01] development.ERROR: Plugin \benrhall\profile\Plugin could not be instantiated. {"message":"syntax error, unexpected ''type'' (T_CONSTANT_ENCAPSED_STRING), expecting ']'","file":"/Users/admin/October/www/dev-finder/plugins/benrhall/profile/Plugin.php","line":22,"trace":"#0 [internal function]: October\\Rain\\Support\\ClassLoader->load('benrhall\\\\profil...')
#1 [internal function]: spl_autoload_call('benrhall\\\\profil...')
#2 /Users/admin/October/www/dev-finder/modules/system/Classes/PluginManager.php(127): class_exists('\\\\benrhall\\\\profi...')
#3 /Users/admin/October/www/dev-finder/modules/system/Classes/PluginManager.php(108): System\\Classes\\PluginManager->loadPlugin('\\\\benrhall\\\\profi...', '/Users/admin/Oc...')
#4 /Users/admin/October/www/dev-finder/modules/system/Classes/PluginManager.php(79): System\\Classes\\PluginManager->loadPlugins()
#5 /Users/admin/October/www/dev-finder/vendor/october/rain/src/Support/Traits/Singleton.php(39): System\\Classes\\PluginManager->init()
#6 /Users/admin/October/www/dev-finder/vendor/october/rain/src/Support/Traits/Singleton.php(23): System\\Classes\\PluginManager->__construct()
#7 /Users/admin/October/www/dev-finder/modules/system/ServiceProvider.php(47): System\\Classes\\PluginManager::instance()
#8 /Users/admin/October/www/dev-finder/vendor/laravel/framework/src/Illuminate/Foundation/Application.php(586): System\\ServiceProvider->register()
#9 /Users/admin/October/www/dev-finder/vendor/laravel/framework/src/Illuminate/Foundation/ProviderRepository.php(75): Illuminate\\Foundation\\Application->register(Object(System\\ServiceProvider))
#10 /Users/admin/October/www/dev-finder/vendor/laravel/framework/src/Illuminate/Foundation/Application.php(561): Illuminate\\Foundation\\ProviderRepository->load(Array)
#11 /Users/admin/October/www/dev-finder/vendor/laravel/framework/src/Illuminate/Foundation/Bootstrap/RegisterProviders.php(17): Illuminate\\Foundation\\Application->registerConfiguredProviders()
#12 /Users/admin/October/www/dev-finder/vendor/laravel/framework/src/Illuminate/Foundation/Application.php(213): Illuminate\\Foundation\\Bootstrap\\RegisterProviders->bootstrap(Object(October\\Rain\\Foundation\\Application))
#13 /Users/admin/October/www/dev-finder/vendor/laravel/framework/src/Illuminate/Foundation/Http/Kernel.php(162): Illuminate\\Foundation\\Application->bootstrapWith(Array)
#14 /Users/admin/October/www/dev-finder/vendor/laravel/framework/src/Illuminate/Foundation/Http/Kernel.php(146): Illuminate\\Foundation\\Http\\Kernel->bootstrap()
#15 /Users/admin/October/www/dev-finder/vendor/laravel/framework/src/Illuminate/Foundation/Http/Kernel.php(116): Illuminate\\Foundation\\Http\\Kernel->sendRequestThroughRouter(Object(Illuminate\\Http\\Request))
#16 /Users/admin/October/www/dev-finder/index.php(43): Illuminate\\Foundation\\Http\\Kernel->handle(Object(Illuminate\\Http\\Request))
#17 /Users/admin/.composer/vendor/laravel/valet/server.php(158): require('/Users/admin/Oc...')
#18 {main}"} 
[2019-06-10 19:52:55] development.ERROR: Plugin \benrhall\profile\Plugin could not be instantiated. {"message":"syntax error, unexpected ''type'' (T_CONSTANT_ENCAPSED_STRING), expecting ']'","file":"/Users/admin/October/www/dev-finder/plugins/benrhall/profile/Plugin.php","line":22,"trace":"#0 [internal function]: October\\Rain\\Support\\ClassLoader->load('benrhall\\\\profil...')
#1 [internal function]: spl_autoload_call('benrhall\\\\profil...')
#2 /Users/admin/October/www/dev-finder/modules/system/Classes/PluginManager.php(127): class_exists('\\\\benrhall\\\\profi...')
#3 /Users/admin/October/www/dev-finder/modules/system/Classes/PluginManager.php(108): System\\Classes\\PluginManager->loadPlugin('\\\\benrhall\\\\profi...', '/Users/admin/Oc...')
#4 /Users/admin/October/www/dev-finder/modules/system/Classes/PluginManager.php(79): System\\Classes\\PluginManager->loadPlugins()
#5 /Users/admin/October/www/dev-finder/vendor/october/rain/src/Support/Traits/Singleton.php(39): System\\Classes\\PluginManager->init()
#6 /Users/admin/October/www/dev-finder/vendor/october/rain/src/Support/Traits/Singleton.php(23): System\\Classes\\PluginManager->__construct()
#7 /Users/admin/October/www/dev-finder/modules/system/ServiceProvider.php(47): System\\Classes\\PluginManager::instance()
#8 /Users/admin/October/www/dev-finder/vendor/laravel/framework/src/Illuminate/Foundation/Application.php(586): System\\ServiceProvider->register()
#9 /Users/admin/October/www/dev-finder/vendor/laravel/framework/src/Illuminate/Foundation/ProviderRepository.php(75): Illuminate\\Foundation\\Application->register(Object(System\\ServiceProvider))
#10 /Users/admin/October/www/dev-finder/vendor/laravel/framework/src/Illuminate/Foundation/Application.php(561): Illuminate\\Foundation\\ProviderRepository->load(Array)
#11 /Users/admin/October/www/dev-finder/vendor/laravel/framework/src/Illuminate/Foundation/Bootstrap/RegisterProviders.php(17): Illuminate\\Foundation\\Application->registerConfiguredProviders()
#12 /Users/admin/October/www/dev-finder/vendor/laravel/framework/src/Illuminate/Foundation/Application.php(213): Illuminate\\Foundation\\Bootstrap\\RegisterProviders->bootstrap(Object(October\\Rain\\Foundation\\Application))
#13 /Users/admin/October/www/dev-finder/vendor/laravel/framework/src/Illuminate/Foundation/Http/Kernel.php(162): Illuminate\\Foundation\\Application->bootstrapWith(Array)
#14 /Users/admin/October/www/dev-finder/vendor/laravel/framework/src/Illuminate/Foundation/Http/Kernel.php(146): Illuminate\\Foundation\\Http\\Kernel->bootstrap()
#15 /Users/admin/October/www/dev-finder/vendor/laravel/framework/src/Illuminate/Foundation/Http/Kernel.php(116): Illuminate\\Foundation\\Http\\Kernel->sendRequestThroughRouter(Object(Illuminate\\Http\\Request))
#16 /Users/admin/October/www/dev-finder/index.php(43): Illuminate\\Foundation\\Http\\Kernel->handle(Object(Illuminate\\Http\\Request))
#17 /Users/admin/.composer/vendor/laravel/valet/server.php(158): require('/Users/admin/Oc...')
#18 {main}"} 
[2019-06-10 19:52:57] development.ERROR: Plugin \benrhall\profile\Plugin could not be instantiated. {"message":"syntax error, unexpected ''type'' (T_CONSTANT_ENCAPSED_STRING), expecting ']'","file":"/Users/admin/October/www/dev-finder/plugins/benrhall/profile/Plugin.php","line":22,"trace":"#0 [internal function]: October\\Rain\\Support\\ClassLoader->load('benrhall\\\\profil...')
#1 [internal function]: spl_autoload_call('benrhall\\\\profil...')
#2 /Users/admin/October/www/dev-finder/modules/system/Classes/PluginManager.php(127): class_exists('\\\\benrhall\\\\profi...')
#3 /Users/admin/October/www/dev-finder/modules/system/Classes/PluginManager.php(108): System\\Classes\\PluginManager->loadPlugin('\\\\benrhall\\\\profi...', '/Users/admin/Oc...')
#4 /Users/admin/October/www/dev-finder/modules/system/Classes/PluginManager.php(79): System\\Classes\\PluginManager->loadPlugins()
#5 /Users/admin/October/www/dev-finder/vendor/october/rain/src/Support/Traits/Singleton.php(39): System\\Classes\\PluginManager->init()
#6 /Users/admin/October/www/dev-finder/vendor/october/rain/src/Support/Traits/Singleton.php(23): System\\Classes\\PluginManager->__construct()
#7 /Users/admin/October/www/dev-finder/modules/system/ServiceProvider.php(47): System\\Classes\\PluginManager::instance()
#8 /Users/admin/October/www/dev-finder/vendor/laravel/framework/src/Illuminate/Foundation/Application.php(586): System\\ServiceProvider->register()
#9 /Users/admin/October/www/dev-finder/vendor/laravel/framework/src/Illuminate/Foundation/ProviderRepository.php(75): Illuminate\\Foundation\\Application->register(Object(System\\ServiceProvider))
#10 /Users/admin/October/www/dev-finder/vendor/laravel/framework/src/Illuminate/Foundation/Application.php(561): Illuminate\\Foundation\\ProviderRepository->load(Array)
#11 /Users/admin/October/www/dev-finder/vendor/laravel/framework/src/Illuminate/Foundation/Bootstrap/RegisterProviders.php(17): Illuminate\\Foundation\\Application->registerConfiguredProviders()
#12 /Users/admin/October/www/dev-finder/vendor/laravel/framework/src/Illuminate/Foundation/Application.php(213): Illuminate\\Foundation\\Bootstrap\\RegisterProviders->bootstrap(Object(October\\Rain\\Foundation\\Application))
#13 /Users/admin/October/www/dev-finder/vendor/laravel/framework/src/Illuminate/Foundation/Http/Kernel.php(162): Illuminate\\Foundation\\Application->bootstrapWith(Array)
#14 /Users/admin/October/www/dev-finder/vendor/laravel/framework/src/Illuminate/Foundation/Http/Kernel.php(146): Illuminate\\Foundation\\Http\\Kernel->bootstrap()
#15 /Users/admin/October/www/dev-finder/vendor/laravel/framework/src/Illuminate/Foundation/Http/Kernel.php(116): Illuminate\\Foundation\\Http\\Kernel->sendRequestThroughRouter(Object(Illuminate\\Http\\Request))
#16 /Users/admin/October/www/dev-finder/index.php(43): Illuminate\\Foundation\\Http\\Kernel->handle(Object(Illuminate\\Http\\Request))
#17 /Users/admin/.composer/vendor/laravel/valet/server.php(158): require('/Users/admin/Oc...')
#18 {main}"} 
[2019-06-10 19:53:05] development.ERROR: Plugin \benrhall\profile\Plugin could not be instantiated. {"message":"syntax error, unexpected ''type'' (T_CONSTANT_ENCAPSED_STRING), expecting ']'","file":"/Users/admin/October/www/dev-finder/plugins/benrhall/profile/Plugin.php","line":22,"trace":"#0 [internal function]: October\\Rain\\Support\\ClassLoader->load('benrhall\\\\profil...')
#1 [internal function]: spl_autoload_call('benrhall\\\\profil...')
#2 /Users/admin/October/www/dev-finder/modules/system/Classes/PluginManager.php(127): class_exists('\\\\benrhall\\\\profi...')
#3 /Users/admin/October/www/dev-finder/modules/system/Classes/PluginManager.php(108): System\\Classes\\PluginManager->loadPlugin('\\\\benrhall\\\\profi...', '/Users/admin/Oc...')
#4 /Users/admin/October/www/dev-finder/modules/system/Classes/PluginManager.php(79): System\\Classes\\PluginManager->loadPlugins()
#5 /Users/admin/October/www/dev-finder/vendor/october/rain/src/Support/Traits/Singleton.php(39): System\\Classes\\PluginManager->init()
#6 /Users/admin/October/www/dev-finder/vendor/october/rain/src/Support/Traits/Singleton.php(23): System\\Classes\\PluginManager->__construct()
#7 /Users/admin/October/www/dev-finder/modules/system/ServiceProvider.php(47): System\\Classes\\PluginManager::instance()
#8 /Users/admin/October/www/dev-finder/vendor/laravel/framework/src/Illuminate/Foundation/Application.php(586): System\\ServiceProvider->register()
#9 /Users/admin/October/www/dev-finder/vendor/laravel/framework/src/Illuminate/Foundation/ProviderRepository.php(75): Illuminate\\Foundation\\Application->register(Object(System\\ServiceProvider))
#10 /Users/admin/October/www/dev-finder/vendor/laravel/framework/src/Illuminate/Foundation/Application.php(561): Illuminate\\Foundation\\ProviderRepository->load(Array)
#11 /Users/admin/October/www/dev-finder/vendor/laravel/framework/src/Illuminate/Foundation/Bootstrap/RegisterProviders.php(17): Illuminate\\Foundation\\Application->registerConfiguredProviders()
#12 /Users/admin/October/www/dev-finder/vendor/laravel/framework/src/Illuminate/Foundation/Application.php(213): Illuminate\\Foundation\\Bootstrap\\RegisterProviders->bootstrap(Object(October\\Rain\\Foundation\\Application))
#13 /Users/admin/October/www/dev-finder/vendor/laravel/framework/src/Illuminate/Foundation/Http/Kernel.php(162): Illuminate\\Foundation\\Application->bootstrapWith(Array)
#14 /Users/admin/October/www/dev-finder/vendor/laravel/framework/src/Illuminate/Foundation/Http/Kernel.php(146): Illuminate\\Foundation\\Http\\Kernel->bootstrap()
#15 /Users/admin/October/www/dev-finder/vendor/laravel/framework/src/Illuminate/Foundation/Http/Kernel.php(116): Illuminate\\Foundation\\Http\\Kernel->sendRequestThroughRouter(Object(Illuminate\\Http\\Request))
#16 /Users/admin/October/www/dev-finder/index.php(43): Illuminate\\Foundation\\Http\\Kernel->handle(Object(Illuminate\\Http\\Request))
#17 /Users/admin/.composer/vendor/laravel/valet/server.php(158): require('/Users/admin/Oc...')
#18 {main}"} 
[2019-06-10 19:53:06] development.ERROR: Plugin \benrhall\profile\Plugin could not be instantiated. {"message":"syntax error, unexpected ''type'' (T_CONSTANT_ENCAPSED_STRING), expecting ']'","file":"/Users/admin/October/www/dev-finder/plugins/benrhall/profile/Plugin.php","line":22,"trace":"#0 [internal function]: October\\Rain\\Support\\ClassLoader->load('benrhall\\\\profil...')
#1 [internal function]: spl_autoload_call('benrhall\\\\profil...')
#2 /Users/admin/October/www/dev-finder/modules/system/Classes/PluginManager.php(127): class_exists('\\\\benrhall\\\\profi...')
#3 /Users/admin/October/www/dev-finder/modules/system/Classes/PluginManager.php(108): System\\Classes\\PluginManager->loadPlugin('\\\\benrhall\\\\profi...', '/Users/admin/Oc...')
#4 /Users/admin/October/www/dev-finder/modules/system/Classes/PluginManager.php(79): System\\Classes\\PluginManager->loadPlugins()
#5 /Users/admin/October/www/dev-finder/vendor/october/rain/src/Support/Traits/Singleton.php(39): System\\Classes\\PluginManager->init()
#6 /Users/admin/October/www/dev-finder/vendor/october/rain/src/Support/Traits/Singleton.php(23): System\\Classes\\PluginManager->__construct()
#7 /Users/admin/October/www/dev-finder/modules/system/ServiceProvider.php(47): System\\Classes\\PluginManager::instance()
#8 /Users/admin/October/www/dev-finder/vendor/laravel/framework/src/Illuminate/Foundation/Application.php(586): System\\ServiceProvider->register()
#9 /Users/admin/October/www/dev-finder/vendor/laravel/framework/src/Illuminate/Foundation/ProviderRepository.php(75): Illuminate\\Foundation\\Application->register(Object(System\\ServiceProvider))
#10 /Users/admin/October/www/dev-finder/vendor/laravel/framework/src/Illuminate/Foundation/Application.php(561): Illuminate\\Foundation\\ProviderRepository->load(Array)
#11 /Users/admin/October/www/dev-finder/vendor/laravel/framework/src/Illuminate/Foundation/Bootstrap/RegisterProviders.php(17): Illuminate\\Foundation\\Application->registerConfiguredProviders()
#12 /Users/admin/October/www/dev-finder/vendor/laravel/framework/src/Illuminate/Foundation/Application.php(213): Illuminate\\Foundation\\Bootstrap\\RegisterProviders->bootstrap(Object(October\\Rain\\Foundation\\Application))
#13 /Users/admin/October/www/dev-finder/vendor/laravel/framework/src/Illuminate/Foundation/Http/Kernel.php(162): Illuminate\\Foundation\\Application->bootstrapWith(Array)
#14 /Users/admin/October/www/dev-finder/vendor/laravel/framework/src/Illuminate/Foundation/Http/Kernel.php(146): Illuminate\\Foundation\\Http\\Kernel->bootstrap()
#15 /Users/admin/October/www/dev-finder/vendor/laravel/framework/src/Illuminate/Foundation/Http/Kernel.php(116): Illuminate\\Foundation\\Http\\Kernel->sendRequestThroughRouter(Object(Illuminate\\Http\\Request))
#16 /Users/admin/October/www/dev-finder/index.php(43): Illuminate\\Foundation\\Http\\Kernel->handle(Object(Illuminate\\Http\\Request))
#17 /Users/admin/.composer/vendor/laravel/valet/server.php(158): require('/Users/admin/Oc...')
#18 {main}"} 
[2019-06-10 19:53:16] development.ERROR: Plugin \benrhall\profile\Plugin could not be instantiated. {"message":"syntax error, unexpected ''type'' (T_CONSTANT_ENCAPSED_STRING), expecting ']'","file":"/Users/admin/October/www/dev-finder/plugins/benrhall/profile/Plugin.php","line":22,"trace":"#0 [internal function]: October\\Rain\\Support\\ClassLoader->load('benrhall\\\\profil...')
#1 [internal function]: spl_autoload_call('benrhall\\\\profil...')
#2 /Users/admin/October/www/dev-finder/modules/system/Classes/PluginManager.php(127): class_exists('\\\\benrhall\\\\profi...')
#3 /Users/admin/October/www/dev-finder/modules/system/Classes/PluginManager.php(108): System\\Classes\\PluginManager->loadPlugin('\\\\benrhall\\\\profi...', '/Users/admin/Oc...')
#4 /Users/admin/October/www/dev-finder/modules/system/Classes/PluginManager.php(79): System\\Classes\\PluginManager->loadPlugins()
#5 /Users/admin/October/www/dev-finder/vendor/october/rain/src/Support/Traits/Singleton.php(39): System\\Classes\\PluginManager->init()
#6 /Users/admin/October/www/dev-finder/vendor/october/rain/src/Support/Traits/Singleton.php(23): System\\Classes\\PluginManager->__construct()
#7 /Users/admin/October/www/dev-finder/modules/system/ServiceProvider.php(47): System\\Classes\\PluginManager::instance()
#8 /Users/admin/October/www/dev-finder/vendor/laravel/framework/src/Illuminate/Foundation/Application.php(586): System\\ServiceProvider->register()
#9 /Users/admin/October/www/dev-finder/vendor/laravel/framework/src/Illuminate/Foundation/ProviderRepository.php(75): Illuminate\\Foundation\\Application->register(Object(System\\ServiceProvider))
#10 /Users/admin/October/www/dev-finder/vendor/laravel/framework/src/Illuminate/Foundation/Application.php(561): Illuminate\\Foundation\\ProviderRepository->load(Array)
#11 /Users/admin/October/www/dev-finder/vendor/laravel/framework/src/Illuminate/Foundation/Bootstrap/RegisterProviders.php(17): Illuminate\\Foundation\\Application->registerConfiguredProviders()
#12 /Users/admin/October/www/dev-finder/vendor/laravel/framework/src/Illuminate/Foundation/Application.php(213): Illuminate\\Foundation\\Bootstrap\\RegisterProviders->bootstrap(Object(October\\Rain\\Foundation\\Application))
#13 /Users/admin/October/www/dev-finder/vendor/laravel/framework/src/Illuminate/Foundation/Http/Kernel.php(162): Illuminate\\Foundation\\Application->bootstrapWith(Array)
#14 /Users/admin/October/www/dev-finder/vendor/laravel/framework/src/Illuminate/Foundation/Http/Kernel.php(146): Illuminate\\Foundation\\Http\\Kernel->bootstrap()
#15 /Users/admin/October/www/dev-finder/vendor/laravel/framework/src/Illuminate/Foundation/Http/Kernel.php(116): Illuminate\\Foundation\\Http\\Kernel->sendRequestThroughRouter(Object(Illuminate\\Http\\Request))
#16 /Users/admin/October/www/dev-finder/index.php(43): Illuminate\\Foundation\\Http\\Kernel->handle(Object(Illuminate\\Http\\Request))
#17 /Users/admin/.composer/vendor/laravel/valet/server.php(158): require('/Users/admin/Oc...')
#18 {main}"} 
[2019-06-10 19:53:16] development.ERROR: Plugin \benrhall\profile\Plugin could not be instantiated. {"message":"syntax error, unexpected ''type'' (T_CONSTANT_ENCAPSED_STRING), expecting ']'","file":"/Users/admin/October/www/dev-finder/plugins/benrhall/profile/Plugin.php","line":22,"trace":"#0 [internal function]: October\\Rain\\Support\\ClassLoader->load('benrhall\\\\profil...')
#1 [internal function]: spl_autoload_call('benrhall\\\\profil...')
#2 /Users/admin/October/www/dev-finder/modules/system/Classes/PluginManager.php(127): class_exists('\\\\benrhall\\\\profi...')
#3 /Users/admin/October/www/dev-finder/modules/system/Classes/PluginManager.php(108): System\\Classes\\PluginManager->loadPlugin('\\\\benrhall\\\\profi...', '/Users/admin/Oc...')
#4 /Users/admin/October/www/dev-finder/modules/system/Classes/PluginManager.php(79): System\\Classes\\PluginManager->loadPlugins()
#5 /Users/admin/October/www/dev-finder/vendor/october/rain/src/Support/Traits/Singleton.php(39): System\\Classes\\PluginManager->init()
#6 /Users/admin/October/www/dev-finder/vendor/october/rain/src/Support/Traits/Singleton.php(23): System\\Classes\\PluginManager->__construct()
#7 /Users/admin/October/www/dev-finder/modules/system/ServiceProvider.php(47): System\\Classes\\PluginManager::instance()
#8 /Users/admin/October/www/dev-finder/vendor/laravel/framework/src/Illuminate/Foundation/Application.php(586): System\\ServiceProvider->register()
#9 /Users/admin/October/www/dev-finder/vendor/laravel/framework/src/Illuminate/Foundation/ProviderRepository.php(75): Illuminate\\Foundation\\Application->register(Object(System\\ServiceProvider))
#10 /Users/admin/October/www/dev-finder/vendor/laravel/framework/src/Illuminate/Foundation/Application.php(561): Illuminate\\Foundation\\ProviderRepository->load(Array)
#11 /Users/admin/October/www/dev-finder/vendor/laravel/framework/src/Illuminate/Foundation/Bootstrap/RegisterProviders.php(17): Illuminate\\Foundation\\Application->registerConfiguredProviders()
#12 /Users/admin/October/www/dev-finder/vendor/laravel/framework/src/Illuminate/Foundation/Application.php(213): Illuminate\\Foundation\\Bootstrap\\RegisterProviders->bootstrap(Object(October\\Rain\\Foundation\\Application))
#13 /Users/admin/October/www/dev-finder/vendor/laravel/framework/src/Illuminate/Foundation/Http/Kernel.php(162): Illuminate\\Foundation\\Application->bootstrapWith(Array)
#14 /Users/admin/October/www/dev-finder/vendor/laravel/framework/src/Illuminate/Foundation/Http/Kernel.php(146): Illuminate\\Foundation\\Http\\Kernel->bootstrap()
#15 /Users/admin/October/www/dev-finder/vendor/laravel/framework/src/Illuminate/Foundation/Http/Kernel.php(116): Illuminate\\Foundation\\Http\\Kernel->sendRequestThroughRouter(Object(Illuminate\\Http\\Request))
#16 /Users/admin/October/www/dev-finder/index.php(43): Illuminate\\Foundation\\Http\\Kernel->handle(Object(Illuminate\\Http\\Request))
#17 /Users/admin/.composer/vendor/laravel/valet/server.php(158): require('/Users/admin/Oc...')
#18 {main}"} 
